# JRE version: OpenJDK Runtime Environment (26.0+35) (build 26+35-2893)
# Java VM: OpenJDK 64-Bit Server VM (26+35-2893, mixed mode, emulated-client, sharing, tiered, compressed oops, compressed class ptrs, g1 gc, windows-amd64)
GC Precious Log:
 CardTable entry size: 512
 Card Set container configuration: InlinePtr #cards 4 size 8 Array Of Cards #cards 32 size 80 Howl #buckets 8 coarsen threshold 7372 Howl Bitmap #cards 1024 size 144 coarsen threshold 921 Card regions per heap region 1 cards per card region 8192
 CPUs: 20 total, 20 available
 Memory: 32387M
 Large Page Support: Disabled
 NUMA Support: Disabled
 Compressed Oops: Enabled (Zero based)
 Heap Region Size: 4M
 Heap Min Capacity: 8M
 Heap Initial Capacity: 8M
 Heap Max Capacity: 8100M
 Pre-touch: Disabled
 Parallel Workers: 15
 Concurrent Workers: 4
 Concurrent Refinement Workers: 15
 Periodic GC: Disabled
Heap:
 garbage-first heap   total reserved 8294400K, committed 73728K, used 33627K [0x0000000605c00000, 0x0000000800000000)
  region size 4M, 3 eden (12M), 1 survivor (4M), 7 old (28M), 0 humongous (0M), 7 free (28M)
GC Heap Usage History (20 events):
Event: 13.359 {heap Before GC invocations=9 (full 0):
 garbage-first heap   total reserved 8294400K, committed 36864K, used 27058K [0x0000000605c00000, 0x0000000800000000)
  region size 4M, 4 eden (16M), 1 survivor (4M), 2 old (8M), 0 humongous (0M), 2 free (8M)
}
Event: 13.361 {heap After GC invocations=10 (full 0):
 garbage-first heap   total reserved 8294400K, committed 36864K, used 12026K [0x0000000605c00000, 0x0000000800000000)
  region size 4M, 0 eden (0M), 1 survivor (4M), 3 old (12M), 0 humongous (0M), 5 free (20M)
}
Event: 13.457 {heap Before GC invocations=10 (full 0):
 garbage-first heap   total reserved 8294400K, committed 36864K, used 24314K [0x0000000605c00000, 0x0000000800000000)
  region size 4M, 3 eden (12M), 1 survivor (4M), 3 old (12M), 0 humongous (0M), 2 free (8M)
}
Event: 13.459 {heap After GC invocations=11 (full 0):
 garbage-first heap   total reserved 8294400K, committed 36864K, used 12660K [0x0000000605c00000, 0x0000000800000000)
  region size 4M, 0 eden (0M), 1 survivor (4M), 3 old (12M), 0 humongous (0M), 5 free (20M)
}
Event: 13.589 {heap Before GC invocations=11 (full 0):
 garbage-first heap   total reserved 8294400K, committed 36864K, used 20852K [0x0000000605c00000, 0x0000000800000000)
  region size 4M, 3 eden (12M), 1 survivor (4M), 3 old (12M), 0 humongous (0M), 2 free (8M)
}
Event: 13.591 {heap After GC invocations=12 (full 0):
 garbage-first heap   total reserved 8294400K, committed 36864K, used 14578K [0x0000000605c00000, 0x0000000800000000)
  region size 4M, 0 eden (0M), 1 survivor (4M), 3 old (12M), 0 humongous (0M), 5 free (20M)
}
Event: 13.602 {heap Before GC invocations=12 (full 0):
 garbage-first heap   total reserved 8294400K, committed 36864K, used 14578K [0x0000000605c00000, 0x0000000800000000)
  region size 4M, 1 eden (4M), 1 survivor (4M), 3 old (12M), 0 humongous (0M), 4 free (16M)
}
Event: 13.605 {heap After GC invocations=13 (full 0):
 garbage-first heap   total reserved 8294400K, committed 73728K, used 14449K [0x0000000605c00000, 0x0000000800000000)
  region size 4M, 0 eden (0M), 1 survivor (4M), 4 old (16M), 0 humongous (0M), 13 free (52M)
}
Event: 13.979 {heap Before GC invocations=14 (full 0):
 garbage-first heap   total reserved 8294400K, committed 73728K, used 51313K [0x0000000605c00000, 0x0000000800000000)
  region size 4M, 9 eden (36M), 1 survivor (4M), 4 old (16M), 0 humongous (0M), 4 free (16M)
}
Event: 13.984 {heap After GC invocations=15 (full 0):
 garbage-first heap   total reserved 8294400K, committed 73728K, used 18263K [0x0000000605c00000, 0x0000000800000000)
  region size 4M, 0 eden (0M), 2 survivor (8M), 4 old (16M), 0 humongous (0M), 12 free (48M)
}
Event: 14.274 {heap Before GC invocations=15 (full 0):
 garbage-first heap   total reserved 8294400K, committed 73728K, used 51031K [0x0000000605c00000, 0x0000000800000000)
  region size 4M, 8 eden (32M), 2 survivor (8M), 4 old (16M), 0 humongous (0M), 4 free (16M)
}
Event: 14.280 {heap After GC invocations=16 (full 0):
 garbage-first heap   total reserved 8294400K, committed 73728K, used 21229K [0x0000000605c00000, 0x0000000800000000)
  region size 4M, 0 eden (0M), 2 survivor (8M), 4 old (16M), 0 humongous (0M), 12 free (48M)
}
Event: 16.507 {heap Before GC invocations=16 (full 0):
 garbage-first heap   total reserved 8294400K, committed 73728K, used 33517K [0x0000000605c00000, 0x0000000800000000)
  region size 4M, 4 eden (16M), 2 survivor (8M), 4 old (16M), 0 humongous (0M), 8 free (32M)
}
Event: 16.514 {heap After GC invocations=17 (full 0):
 garbage-first heap   total reserved 8294400K, committed 73728K, used 22644K [0x0000000605c00000, 0x0000000800000000)
  region size 4M, 0 eden (0M), 2 survivor (8M), 5 old (20M), 0 humongous (0M), 11 free (44M)
}
Event: 16.928 {heap Before GC invocations=18 (full 0):
 garbage-first heap   total reserved 8294400K, committed 73728K, used 55412K [0x0000000605c00000, 0x0000000800000000)
  region size 4M, 8 eden (32M), 2 survivor (8M), 5 old (20M), 0 humongous (0M), 3 free (12M)
}
Event: 16.935 {heap After GC invocations=19 (full 0):
 garbage-first heap   total reserved 8294400K, committed 73728K, used 24165K [0x0000000605c00000, 0x0000000800000000)
  region size 4M, 0 eden (0M), 2 survivor (8M), 5 old (20M), 0 humongous (0M), 11 free (44M)
}
Event: 23.483 {heap Before GC invocations=19 (full 0):
 garbage-first heap   total reserved 8294400K, committed 73728K, used 56933K [0x0000000605c00000, 0x0000000800000000)
  region size 4M, 8 eden (32M), 2 survivor (8M), 5 old (20M), 0 humongous (0M), 3 free (12M)
}
Event: 23.489 {heap After GC invocations=20 (full 0):
 garbage-first heap   total reserved 8294400K, committed 73728K, used 28540K [0x0000000605c00000, 0x0000000800000000)
  region size 4M, 0 eden (0M), 2 survivor (8M), 5 old (20M), 0 humongous (0M), 11 free (44M)
}
Event: 1264.211 {heap Before GC invocations=20 (full 0):
 garbage-first heap   total reserved 8294400K, committed 73728K, used 40828K [0x0000000605c00000, 0x0000000800000000)
  region size 4M, 3 eden (12M), 2 survivor (8M), 5 old (20M), 0 humongous (0M), 8 free (32M)
}
Event: 1264.218 {heap After GC invocations=21 (full 0):
 garbage-first heap   total reserved 8294400K, committed 73728K, used 29531K [0x0000000605c00000, 0x0000000800000000)
  region size 4M, 0 eden (0M), 1 survivor (4M), 7 old (28M), 0 humongous (0M), 10 free (40M)
}

